<?xml version="1.0" encoding="UTF-8"?>
<!-- Generated by org.testng.reporters.JUnitXMLReporter -->
<testsuite hostname="LAPTOP-CJ63G7LO" ignored="0" name="Command line test" tests="3" failures="1" timestamp="2021-08-26T15:58:38 CDT" time="39.236" errors="0">
  <testcase name="LocationPageTest" time="4.463" classname="com.talbot.qa.testcases.GiftCartPageTest"/>
  <testcase name="LocationPageTest" time="7.322" classname="com.talbot.qa.testcases.LocationPageTest"/>
  <testcase name="homePageTest" time="9.249" classname="com.talbot.qa.testcases.SearchPageTest">
    <failure type="java.lang.AssertionError" message="expected [Organic True Cotton Tonal Striped Sleep Shirt | Haven Well Within] but found [Access to this page has been denied.]">
      <![CDATA[java.lang.AssertionError: expected [Organic True Cotton Tonal Striped Sleep Shirt | Haven Well Within] but found [Access to this page has been denied.]
at com.talbot.qa.testcases.SearchPageTest.homePageTest(SearchPageTest.java:45)
at java.util.ArrayList.forEach(ArrayList.java:1257)
... Removed 42 stack frames]]>
    </failure>
  </testcase> <!-- homePageTest -->
</testsuite> <!-- Command line test -->
