<?xml version="1.0" encoding="UTF-8" ?>
<testsuite tests="3" failures="1" name="TestSuite" time="21.039" errors="0" skipped="0">
  <properties>
[...]
</properties>
  <testcase classname="com.talbot.qa.testcases.GiftCartPageTest" name="LocationPageTest" time="4.464"/>
  <testcase classname="com.talbot.qa.testcases.LocationPageTest" name="LocationPageTest" time="7.323"/>
  <testcase classname="com.talbot.qa.testcases.SearchPageTest" name="homePageTest" time="9.252">
    <failure message="expected [Organic True Cotton Tonal Striped Sleep Shirt | Haven Well Within] but found [Access to this page has been denied.]" type="java.lang.AssertionError">java.lang.AssertionError: expected [Organic True Cotton Tonal Striped Sleep Shirt | Haven Well Within] but found [Access to this page has been denied.]
	at org.testng.Assert.fail(Assert.java:97)
	at org.testng.Assert.assertEqualsImpl(Assert.java:136)
	at org.testng.Assert.assertEquals(Assert.java:118)
	at org.testng.Assert.assertEquals(Assert.java:575)
	at org.testng.Assert.assertEquals(Assert.java:585)
	at com.talbot.qa.testcases.SearchPageTest.homePageTest(SearchPageTest.java:45)
</failure>
    <system-err>Starting ChromeDriver 91.0.4472.101 (af52a90bf87030dd1523486a1cd3ae25c5d76c9b-refs/branch-heads/4472@{#1462}) on port 16700
Only local connections are allowed.
Please see https://chromedriver.chromium.org/security-considerations for suggestions on keeping ChromeDriver safe.
ChromeDriver was started successfully.
[1630011504.680][WARNING]: This version of ChromeDriver has not been tested with Chrome version 92.
Aug 26, 2021 3:58:24 PM org.openqa.selenium.remote.ProtocolHandshake createSession
INFO: Detected dialect: W3C
Starting ChromeDriver 91.0.4472.101 (af52a90bf87030dd1523486a1cd3ae25c5d76c9b-refs/branch-heads/4472@{#1462}) on port 21893
Only local connections are allowed.
Please see https://chromedriver.chromium.org/security-considerations for suggestions on keeping ChromeDriver safe.
ChromeDriver was started successfully.
[1630011505.764][WARNING]: This version of ChromeDriver has not been tested with Chrome version 92.
Aug 26, 2021 3:58:25 PM org.openqa.selenium.remote.ProtocolHandshake createSession
INFO: Detected dialect: W3C
</system-err>
  </testcase>
</testsuite>